Using pre-set license
Built from '2020.3/staging' branch; Version is '2020.3.11f1 (99c7afb366b3) revision 10078127'; Using compiler version '192528614'; Build Type 'Release'
OS: 'Windows 10 Pro; OS build 19043.1052; Version 2009; 64bit' Language: 'zh' Physical Memory: 32714 MB
BatchMode: 1, IsHumanControllingUs: 0, StartBugReporterOnCrash: 0, Is64bit: 1, IsPro: 0

 COMMAND LINE ARGUMENTS:
C:\Program Files\Unity\Hub\Editor\2020.3.11f1\Editor\Unity.exe
-adb2
-batchMode
-noUpm
-name
AssetImportWorker0
-projectPath
C:/Projects/MLAPI_TEST
-logFile
Logs/AssetImportWorker0.log
-srvPort
62213
Successfully changed project path to: C:/Projects/MLAPI_TEST
C:/Projects/MLAPI_TEST
Using Asset Import Pipeline V2.
Refreshing native plugins compatible for Editor in 38.47 ms, found 3 plugins.
Preloading 0 native plugins for Editor in 0.00 ms.
Initialize engine version: 2020.3.11f1 (99c7afb366b3)
[Subsystems] Discovering subsystems at path C:/Program Files/Unity/Hub/Editor/2020.3.11f1/Editor/Data/Resources/UnitySubsystems
[Subsystems] Discovering subsystems at path C:/Projects/MLAPI_TEST/Assets
GfxDevice: creating device client; threaded=0
Direct3D:
    Version:  Direct3D 11.0 [level 11.1]
    Renderer: AMD Radeon RX 5700 XT (ID=0x731f)
    Vendor:   
    VRAM:     8151 MB
    Driver:   27.20.21003.8013
Initialize mono
Mono path[0] = 'C:/Program Files/Unity/Hub/Editor/2020.3.11f1/Editor/Data/Managed'
Mono path[1] = 'C:/Program Files/Unity/Hub/Editor/2020.3.11f1/Editor/Data/MonoBleedingEdge/lib/mono/unityjit'
Mono config path = 'C:/Program Files/Unity/Hub/Editor/2020.3.11f1/Editor/Data/MonoBleedingEdge/etc'
Using monoOptions --debugger-agent=transport=dt_socket,embedding=1,server=y,suspend=n,address=127.0.0.1:56880
Begin MonoManager ReloadAssembly
Registering precompiled unity dll's ...
Register platform support module: C:/Program Files/Unity/Hub/Editor/2020.3.11f1/Editor/Data/PlaybackEngines/WindowsStandaloneSupport/UnityEditor.WindowsStandalone.Extensions.dll
Registered in 0.001706 seconds.
Native extension for WindowsStandalone target not found
Refreshing native plugins compatible for Editor in 37.68 ms, found 3 plugins.
Preloading 0 native plugins for Editor in 0.00 ms.
Mono: successfully reloaded assembly
- Completed reload, in  1.420 seconds
Platform modules already initialized, skipping
Registering precompiled user dll's ...
Registered in 0.004869 seconds.
Begin MonoManager ReloadAssembly
Native extension for WindowsStandalone target not found
Refreshing native plugins compatible for Editor in 37.49 ms, found 3 plugins.
Preloading 0 native plugins for Editor in 0.00 ms.
Mono: successfully reloaded assembly
- Completed reload, in  0.925 seconds
Platform modules already initialized, skipping
========================================================================
Worker process is ready to serve import requests
Launched and connected shader compiler UnityShaderCompiler.exe after 0.04 seconds
Refreshing native plugins compatible for Editor in 0.51 ms, found 3 plugins.
Preloading 0 native plugins for Editor in 0.00 ms.
Unloading 2200 Unused Serialized files (Serialized files now loaded: 0)
System memory in use before: 96.6 MB.
System memory in use after: 96.5 MB.

Unloading 37 unused Assets to reduce memory usage. Loaded Objects now: 2629.
Total: 2.402200 ms (FindLiveObjects: 0.208000 ms CreateObjectMapping: 0.053700 ms MarkObjects: 2.005500 ms  DeleteObjects: 0.133300 ms)

========================================================================
Received Import Request.
  path: Assets/Scenes
  artifactKey: Guid(2b4381406b9b0c3449bb16f5b04a954e) Importer(815301076,1909f56bfc062723c751e8b465ee728b)
Start importing Assets/Scenes using Guid(2b4381406b9b0c3449bb16f5b04a954e) Importer(815301076,1909f56bfc062723c751e8b465ee728b)  -> (artifact id: '1ada805d574128e063014e7781aac8c3') in 0.008657 seconds
  Import took 0.011627 seconds .

========================================================================
Received Import Request.
  Time since last request: 3.062333 seconds.
  path: Assets/Scenes/Main.unity
  artifactKey: Guid(05d3603687a933f4bb230e75f401f2a3) Importer(815301076,1909f56bfc062723c751e8b465ee728b)
Start importing Assets/Scenes/Main.unity using Guid(05d3603687a933f4bb230e75f401f2a3) Importer(815301076,1909f56bfc062723c751e8b465ee728b)  -> (artifact id: 'c40117bc54ca9dbcb0016b5cdb7df1b0') in 0.012891 seconds
  Import took 0.016060 seconds .

========================================================================
Received Import Request.
  Time since last request: 1169.355956 seconds.
  path: Assets
  artifactKey: Guid(00000000000000001000000000000000) Importer(815301076,1909f56bfc062723c751e8b465ee728b)
Start importing Assets using Guid(00000000000000001000000000000000) Importer(815301076,1909f56bfc062723c751e8b465ee728b)  -> (artifact id: '42d402b061de3733987d63b9cc3b64de') in 0.005978 seconds
  Import took 0.009462 seconds .

========================================================================
Received Import Request.
  Time since last request: 3.628104 seconds.
  path: Assets/Prefabs
  artifactKey: Guid(c6258487ddb6736418f3637d1bfaddb4) Importer(815301076,1909f56bfc062723c751e8b465ee728b)
Start importing Assets/Prefabs using Guid(c6258487ddb6736418f3637d1bfaddb4) Importer(815301076,1909f56bfc062723c751e8b465ee728b)  -> (artifact id: '5ece9c9d343f8a2b341e8376c61add9c') in 0.006230 seconds
  Import took 0.009405 seconds .

========================================================================
Received Import Request.
  Time since last request: 61.217539 seconds.
  path: Assets/Prefabs/Player.prefab
  artifactKey: Guid(79b6bba7fc42ae5419fb5f1f9b058de5) Importer(815301076,1909f56bfc062723c751e8b465ee728b)
Start importing Assets/Prefabs/Player.prefab using Guid(79b6bba7fc42ae5419fb5f1f9b058de5) Importer(815301076,1909f56bfc062723c751e8b465ee728b)  -> (artifact id: 'c27a333d9acb3a08d6c42b77eff81809') in 0.086122 seconds
  Import took 0.089751 seconds .

========================================================================
Received Prepare
Registering precompiled user dll's ...
Registered in 0.005545 seconds.
Begin MonoManager ReloadAssembly
Native extension for WindowsStandalone target not found
Refreshing native plugins compatible for Editor in 0.58 ms, found 3 plugins.
Preloading 0 native plugins for Editor in 0.00 ms.
Mono: successfully reloaded assembly
- Completed reload, in  0.891 seconds
Platform modules already initialized, skipping
Refreshing native plugins compatible for Editor in 0.58 ms, found 3 plugins.
Preloading 0 native plugins for Editor in 0.00 ms.
Unloading 2195 Unused Serialized files (Serialized files now loaded: 0)
System memory in use before: 99.5 MB.
System memory in use after: 99.5 MB.

Unloading 25 unused Assets to reduce memory usage. Loaded Objects now: 2640.
Total: 2.191600 ms (FindLiveObjects: 0.240400 ms CreateObjectMapping: 0.050700 ms MarkObjects: 1.798900 ms  DeleteObjects: 0.100800 ms)

========================================================================
Received Import Request.
  Time since last request: 118.626825 seconds.
  path: Assets/Scripts
  artifactKey: Guid(ecd87a3dfebba574f9c10359aed58a8c) Importer(815301076,1909f56bfc062723c751e8b465ee728b)
Start importing Assets/Scripts using Guid(ecd87a3dfebba574f9c10359aed58a8c) Importer(815301076,1909f56bfc062723c751e8b465ee728b)  -> (artifact id: '36a297927aa11d40f02f0d26788f4f18') in 0.008784 seconds
  Import took 0.012870 seconds .

========================================================================
Received Import Request.
  Time since last request: 32.430606 seconds.
  path: Assets/Scripts/HelloWorldManager.cs
  artifactKey: Guid(36f60c0645cff8b4dae6ff3bad1f5db9) Importer(815301076,1909f56bfc062723c751e8b465ee728b)
Start importing Assets/Scripts/HelloWorldManager.cs using Guid(36f60c0645cff8b4dae6ff3bad1f5db9) Importer(815301076,1909f56bfc062723c751e8b465ee728b)  -> (artifact id: '374fe42aa6e1db2752a44e1a1a22aa23') in 0.012725 seconds
  Import took 0.016352 seconds .

========================================================================
Received Prepare
Registering precompiled user dll's ...
Registered in 0.006579 seconds.
Begin MonoManager ReloadAssembly
Native extension for WindowsStandalone target not found
Refreshing native plugins compatible for Editor in 0.58 ms, found 3 plugins.
Preloading 0 native plugins for Editor in 0.00 ms.
Mono: successfully reloaded assembly
- Completed reload, in  0.865 seconds
Platform modules already initialized, skipping
Refreshing native plugins compatible for Editor in 0.57 ms, found 3 plugins.
Preloading 0 native plugins for Editor in 0.00 ms.
Unloading 2196 Unused Serialized files (Serialized files now loaded: 0)
System memory in use before: 99.6 MB.
System memory in use after: 99.5 MB.

Unloading 25 unused Assets to reduce memory usage. Loaded Objects now: 2645.
Total: 2.421100 ms (FindLiveObjects: 0.249200 ms CreateObjectMapping: 0.051100 ms MarkObjects: 1.997100 ms  DeleteObjects: 0.122400 ms)

========================================================================
Received Import Request.
  Time since last request: 104.732603 seconds.
  path: Assets/Scripts/HelloWorldPlayer.cs
  artifactKey: Guid(e2ecaca5a050b2640bd36f32f7c6102f) Importer(815301076,1909f56bfc062723c751e8b465ee728b)
Start importing Assets/Scripts/HelloWorldPlayer.cs using Guid(e2ecaca5a050b2640bd36f32f7c6102f) Importer(815301076,1909f56bfc062723c751e8b465ee728b)  -> (artifact id: '98e2f4d67b7f2a872b9838efa5a2741e') in 0.008596 seconds
  Import took 0.011908 seconds .

========================================================================
Received Import Request.
  Time since last request: 8.586910 seconds.
  path: Assets/Scripts/HelloWorldPlayer.cs
  artifactKey: Guid(e2ecaca5a050b2640bd36f32f7c6102f) Importer(815301076,1909f56bfc062723c751e8b465ee728b)
Start importing Assets/Scripts/HelloWorldPlayer.cs using Guid(e2ecaca5a050b2640bd36f32f7c6102f) Importer(815301076,1909f56bfc062723c751e8b465ee728b)  -> (artifact id: '4b3773da7dbc937fea9feaffd6885c73') in 0.002204 seconds
  Import took 0.005683 seconds .

========================================================================
Received Import Request.
  Time since last request: 0.023887 seconds.
  path: Assets/Scripts/HelloWorldPlayer.cs
  artifactKey: Guid(e2ecaca5a050b2640bd36f32f7c6102f) Importer(815301076,1909f56bfc062723c751e8b465ee728b)
Start importing Assets/Scripts/HelloWorldPlayer.cs using Guid(e2ecaca5a050b2640bd36f32f7c6102f) Importer(815301076,1909f56bfc062723c751e8b465ee728b)  -> (artifact id: '4b3773da7dbc937fea9feaffd6885c73') in 0.002198 seconds
  Import took 0.005796 seconds .

========================================================================
Received Prepare
Registering precompiled user dll's ...
Registered in 0.005109 seconds.
Begin MonoManager ReloadAssembly
Native extension for WindowsStandalone target not found
Refreshing native plugins compatible for Editor in 0.54 ms, found 3 plugins.
Preloading 0 native plugins for Editor in 0.00 ms.
Mono: successfully reloaded assembly
- Completed reload, in  0.865 seconds
Platform modules already initialized, skipping
Refreshing native plugins compatible for Editor in 0.55 ms, found 3 plugins.
Preloading 0 native plugins for Editor in 0.00 ms.
Unloading 2197 Unused Serialized files (Serialized files now loaded: 0)
System memory in use before: 99.6 MB.
System memory in use after: 99.6 MB.

Unloading 25 unused Assets to reduce memory usage. Loaded Objects now: 2650.
Total: 2.448400 ms (FindLiveObjects: 0.268800 ms CreateObjectMapping: 0.051100 ms MarkObjects: 1.999600 ms  DeleteObjects: 0.127200 ms)

========================================================================
Received Import Request.
  Time since last request: 39.335731 seconds.
  path: Assets/Prefabs/Player.prefab
  artifactKey: Guid(79b6bba7fc42ae5419fb5f1f9b058de5) Importer(815301076,1909f56bfc062723c751e8b465ee728b)
Start importing Assets/Prefabs/Player.prefab using Guid(79b6bba7fc42ae5419fb5f1f9b058de5) Importer(815301076,1909f56bfc062723c751e8b465ee728b)  -> (artifact id: '0ed5e6ffb85643393218dd3b23839e79') in 0.057241 seconds
  Import took 0.060963 seconds .

========================================================================
Received Prepare
Refreshing native plugins compatible for Editor in 4.54 ms, found 3 plugins.
Preloading 0 native plugins for Editor in 0.00 ms.
Unloading 23 Unused Serialized files (Serialized files now loaded: 0)
System memory in use before: 56.8 MB.
System memory in use after: 56.8 MB.

Unloading 23 unused Assets to reduce memory usage. Loaded Objects now: 2651.
Total: 2.722900 ms (FindLiveObjects: 0.239000 ms CreateObjectMapping: 0.047600 ms MarkObjects: 2.328300 ms  DeleteObjects: 0.107100 ms)

========================================================================
Received Prepare
Refreshing native plugins compatible for Editor in 4.18 ms, found 3 plugins.
Preloading 0 native plugins for Editor in 0.00 ms.
Unloading 23 Unused Serialized files (Serialized files now loaded: 0)
System memory in use before: 56.8 MB.
System memory in use after: 56.8 MB.

Unloading 23 unused Assets to reduce memory usage. Loaded Objects now: 2651.
Total: 2.347300 ms (FindLiveObjects: 0.221700 ms CreateObjectMapping: 0.048500 ms MarkObjects: 1.982900 ms  DeleteObjects: 0.093400 ms)

========================================================================
Received Import Request.
  Time since last request: 777.741527 seconds.
  path: Assets/Scripts/NetworkCommandLine.cs
  artifactKey: Guid(0a1a190d33a0a9e45ac4dc600e140e4b) Importer(815301076,1909f56bfc062723c751e8b465ee728b)
Start importing Assets/Scripts/NetworkCommandLine.cs using Guid(0a1a190d33a0a9e45ac4dc600e140e4b) Importer(815301076,1909f56bfc062723c751e8b465ee728b)  -> (artifact id: 'aa4858d4c7846df9a33fc4eba7b1ddff') in 0.007178 seconds
  Import took 0.011010 seconds .

========================================================================
Received Prepare
Registering precompiled user dll's ...
Registered in 0.005678 seconds.
Begin MonoManager ReloadAssembly
Native extension for WindowsStandalone target not found
Refreshing native plugins compatible for Editor in 0.52 ms, found 3 plugins.
Preloading 0 native plugins for Editor in 0.00 ms.
Mono: successfully reloaded assembly
- Completed reload, in  0.870 seconds
Platform modules already initialized, skipping
Refreshing native plugins compatible for Editor in 0.56 ms, found 3 plugins.
Preloading 0 native plugins for Editor in 0.00 ms.
Unloading 2198 Unused Serialized files (Serialized files now loaded: 0)
System memory in use before: 99.7 MB.
System memory in use after: 99.6 MB.

Unloading 25 unused Assets to reduce memory usage. Loaded Objects now: 2656.
Total: 2.517800 ms (FindLiveObjects: 0.267500 ms CreateObjectMapping: 0.061200 ms MarkObjects: 2.070400 ms  DeleteObjects: 0.117000 ms)

========================================================================
Received Prepare
Registering precompiled user dll's ...
Registered in 0.005753 seconds.
Begin MonoManager ReloadAssembly
Native extension for WindowsStandalone target not found
Refreshing native plugins compatible for Editor in 0.66 ms, found 3 plugins.
Preloading 0 native plugins for Editor in 0.00 ms.
Mono: successfully reloaded assembly
- Completed reload, in  0.880 seconds
Platform modules already initialized, skipping
Refreshing native plugins compatible for Editor in 0.55 ms, found 3 plugins.
Preloading 0 native plugins for Editor in 0.00 ms.
Unloading 2198 Unused Serialized files (Serialized files now loaded: 0)
System memory in use before: 99.7 MB.
System memory in use after: 99.7 MB.

Unloading 25 unused Assets to reduce memory usage. Loaded Objects now: 2660.
Total: 3.305600 ms (FindLiveObjects: 0.282200 ms CreateObjectMapping: 0.052900 ms MarkObjects: 2.787300 ms  DeleteObjects: 0.181400 ms)

========================================================================
Received Prepare
Registering precompiled user dll's ...
Registered in 0.005068 seconds.
Begin MonoManager ReloadAssembly
Native extension for WindowsStandalone target not found
Refreshing native plugins compatible for Editor in 0.56 ms, found 3 plugins.
Preloading 0 native plugins for Editor in 0.00 ms.
Mono: successfully reloaded assembly
- Completed reload, in  0.864 seconds
Platform modules already initialized, skipping
Refreshing native plugins compatible for Editor in 0.55 ms, found 3 plugins.
Preloading 0 native plugins for Editor in 0.00 ms.
Unloading 2198 Unused Serialized files (Serialized files now loaded: 0)
System memory in use before: 99.7 MB.
System memory in use after: 99.7 MB.

Unloading 25 unused Assets to reduce memory usage. Loaded Objects now: 2664.
Total: 2.251200 ms (FindLiveObjects: 0.232700 ms CreateObjectMapping: 0.054200 ms MarkObjects: 1.841700 ms  DeleteObjects: 0.121500 ms)

